0 info it worked if it ends with ok
1 verbose cli [
1 verbose cli   '/usr/local/bin/node',
1 verbose cli   '/Users/vbalasubramaniam/node_modules/.bin/npm',
1 verbose cli   'install',
1 verbose cli   '-D',
1 verbose cli   'webpack-cli'
1 verbose cli ]
2 info using npm@3.10.10
3 info using node@v16.9.1
4 silly loadCurrentTree Starting
5 silly install loadCurrentTree
6 silly install readLocalPackageData
7 verbose stack TypeError: cb.apply is not a function
7 verbose stack     at /Users/vbalasubramaniam/node_modules/npm/node_modules/graceful-fs/polyfills.js:267:18
7 verbose stack     at FSReqCallback.oncomplete (node:fs:199:5)
8 verbose cwd /Users/vbalasubramaniam/test/cognito-google-sign-in
9 error Darwin 20.6.0
10 error argv "/usr/local/bin/node" "/Users/vbalasubramaniam/node_modules/.bin/npm" "install" "-D" "webpack-cli"
11 error node v16.9.1
12 error npm  v3.10.10
13 error cb.apply is not a function
14 error If you need help, you may report this error at:
14 error     <https://github.com/npm/npm/issues>
15 verbose exit [ 1, true ]
